Arguments: 
  D:\application\node\node.exe C:\Users\JacksonSun\AppData\Roaming\npm\node_modules\yarn\bin\yarn.js build

PATH: 
  D:\application\java17\bin;D:\application\java17\jre\bin;C:\Program Files\Common Files\Oracle\Java\javapath;C:\Program Files (x86)\Common Files\Oracle\Java\javapath;C:\Windows\system32;C:\Windows;C:\Windows\System32\Wbem;C:\Windows\System32\WindowsPowerShell\v1.0\;C:\Windows\System32\OpenSSH\;D:\application\Git\cmd;D:\application\node\;C:\Users\JacksonSun\AppData\Local\Android\Sdk\platform-tools;C:\Users\JacksonSun\AppData\Local\Android\Sdk\emulator;C:\Users\JacksonSun\AppData\Local\Android\Sdk\tools;C:\Users\JacksonSun\AppData\Local\Android\Sdk\tools\bin;C:\Users\JacksonSun\AppData\Local\watchman;D:\application\webDriver;C:\Users\JacksonSun\AppData\Local\Microsoft\WindowsApps;D:\application\Microsoft VS Code\bin;C:\Users\JacksonSun\AppData\Roaming\npm;C:\Users\JacksonSun\AppData\Local\Android\Sdk\platform-tools;C:\Users\JacksonSun\AppData\Local\Android\Sdk\tools;D:\application\sdk\aapt-windows;C:\Users\JacksonSun\AppData\Local\Android\Sdk\build-tools\29.0.2;C:\WINDOWS\system32;C:\WINDOWS;C:\WINDOWS\System32\Wbem;C:\WINDOWS\System32\WindowsPowerShell\v1.0\;C:\WINDOWS\System32\OpenSSH\;D:\application\apache-maven-3.8.3\bin;D:\application\xshell\;D:\application\python\Scripts\;C:\Program Files\dotnet\;D:\application\python\Scripts\;D:\application\python\;C:\Users\JacksonSun\AppData\Local\Microsoft\WindowsApps;D:\application\Microsoft VS Code\bin;C:\Users\JacksonSun\AppData\Roaming\npm;D:\application\WebStorm 2021.1.2\bin;;C:\Users\JacksonSun\AppData\Local\GitHubDesktop\bin

Yarn version: 
  1.22.10

Node version: 
  14.17.0

Platform: 
  win32 ia32

Trace: 
  SyntaxError: D:\a-dk-web\doublekit-apibox-ui\doublekit-apibox-ui\package.json: Unexpected token } in JSON at position 557
      at JSON.parse (<anonymous>)
      at C:\Users\JacksonSun\AppData\Roaming\npm\node_modules\yarn\lib\cli.js:1625:59
      at Generator.next (<anonymous>)
      at step (C:\Users\JacksonSun\AppData\Roaming\npm\node_modules\yarn\lib\cli.js:310:30)
      at C:\Users\JacksonSun\AppData\Roaming\npm\node_modules\yarn\lib\cli.js:321:13

npm manifest: 
  {
    "name": "doublekit-apibox-ui",
    "version": "1.0.0",
    "description": "doublekit-apibox-ui",
    "main": "dist/index.js",
    "files": [
      "dist"
    ],
    "scripts": {
      "start": "cross-env NODE_ENV=local API_ENV=local  webpack-dev-server --progress --config ./webpack.dev.js ",
      "prod": "cross-env NODE_ENV=prod API_ENV=prod webpack --config ./webpack.test.js",
      "build": "rimraf dist/* && ./node_modules/.bin/babel src --copy-files  --extensions .js --out-dir dist/components && ncp pack/index.js dist/index.js && ncp README.md dist/README.md",
    },
    "keywords": [],
    "author": "",
    "license": "ISC",
    "publishConfig": {
      "registry": "http://172.12.1.11:8081/repository/npm-hosted"
    },
    "devDependencies": {
      "@babel/cli": "^7.12.1",
      "@babel/core": "^7.12.3",
      "@babel/plugin-proposal-async-generator-functions": "^7.12.12",
      "@babel/plugin-proposal-class-properties": "^7.12.1",
      "@babel/plugin-proposal-decorators": "^7.12.1",
      "@babel/plugin-syntax-dynamic-import": "^7.8.3",
      "@babel/plugin-syntax-jsx": "^7.12.13",
      "@babel/plugin-transform-arrow-functions": "^7.12.1",
      "@babel/plugin-transform-async-to-generator": "^7.12.1",
      "@babel/plugin-transform-react-jsx": "^7.12.5",
      "@babel/plugin-transform-runtime": "^7.12.1",
      "@babel/preset-env": "^7.7.4",
      "@babel/preset-es2015": "^7.0.0-beta.53",
      "@babel/preset-react": "^7.12.1",
      "@babel/runtime": "^7.12.5",
      "@hot-loader/react-dom": "^17.0.0",
      "autoprefixer": "^10.4.0",
      "babel-loader": "^8.0.6",
      "babel-plugin-dynamic-import-webpack": "^1.1.0",
      "babel-plugin-import": "^1.13.1",
      "babel-plugin-transform-decorators-legacy": "^1.3.5",
      "check-package-version": "^1.0.0",
      "clean-webpack-plugin": "^3.0.0",
      "cross-env": "^7.0.2",
      "css-loader": "^5.0.1",
      "css-minimizer-webpack-plugin": "^1.1.5",
      "cssnano": "^4.1.10",
      "electron": "^17.1.0",
      "electron-reloader": "^1.2.3",
      "file-loader": "^6.2.0",
      "happypack": "^5.0.1",
      "html-webpack-plugin": "^4.5.0",
      "i18next-http-backend": "^1.0.21",
      "mini-css-extract-plugin": "^1.3.1",
      "mockjs": "^1.1.0",
      "node-sass": "^5.0.0",
      "nodemon": "^2.0.6",
      "optimize-css-assets-webpack-plugin": "^5.0.4",
      "postcss": "^8.1.7",
      "postcss-loader": "^4.0.4",
      "progress-bar-webpack-plugin": "^2.1.0",
      "purify-css": "^1.2.5",
      "purifycss-webpack": "^0.7.0",
      "react-hot-loader": "^4.13.0",
      "react-router-config": "^5.1.1",
      "sass-loader": "^10.1.0",
      "speed-measure-webpack-plugin": "^1.5.0",
      "style-loader": "^2.0.0",
      "terser-webpack-plugin": "^1.4.1",
      "uglifyjs-webpack-plugin": "^2.2.0",
      "url-loader": "^4.1.1",
      "webpack": "^4.39.2",
      "webpack-bundle-analyzer": "^4.1.0",
      "webpack-cli": "^3.3.6",
      "webpack-dev-server": "^3.11.0",
      "webpack-merge": "^5.4.0",
      "webpack-parallel-uglify-plugin": "^1.1.2"
    },
    "dependencies": {
      "@ant-design/icons": "^4.3.0",
      "antd": "^4.15.2",
      "axios": "^0.21.0",
      "chalk": "^4.1.2",
      "doublekit-core-ui": "^1.0.0",
      "doublekit-licence-ui": "^1.0.0",
      "doublekit-message-ui": "^1.0.0",
      "doublekit-plugin-manage": "^1.0.0",
      "doublekit-portal-ui": "^1.0.0",
      "doublekit-privilege-ui": "^1.0.0",
      "doublekit-user-ui": "^1.0.0",
      "i18next": "^19.8.4",
      "i18next-browser-languagedetector": "^6.0.1",
      "js-md5": "^0.7.3",
      "lodash": "^4.17.21",
      "mobx": "^5.15.4",
      "mobx-react": "^6.2.2",
      "ncp": "^2.0.0",
      "qs": "^6.9.4",
      "react": "^17.0.1",
      "react-dom": "^17.0.1",
      "react-i18next": "^11.7.3",
      "react-json-view": "^1.21.3",
      "react-router": "^5.2.0",
      "react-router-dom": "^5.2.0",
      "sass": "^1.32.2"
    }
  }

yarn manifest: 
  No manifest

Lockfile: 
  No lockfile
